#
# There is insufficient memory for the Java Runtime Environment to continue.
# Native memory allocation (mmap) failed to map 526385152 bytes for Failed to commit area from 0x000000060b000000 to 0x000000062a600000 of length 526385152.
# Possible reasons:
#   The system is out of physical RAM or swap space
#   The process is running with CompressedOops enabled, and the Java Heap may be blocking the growth of the native heap
# Possible solutions:
#   Reduce memory load on the system
#   Increase physical memory or swap space
#   Check if swap backing store is full
#   Decrease Java heap size (-Xmx/-Xms)
#   Decrease number of Java threads
#   Decrease Java thread stack sizes (-Xss)
#   Set larger code cache with -XX:ReservedCodeCacheSize=
# This output file may be truncated or incomplete.
#
#  Out of Memory Error (./open/src/hotspot/os/windows/os_windows.cpp:3287), pid=8224, tid=11844
#
# JRE version:  (11.0.15+8) (build )
# Java VM: Java HotSpot(TM) 64-Bit Server VM (11.0.15+8-LTS-149, mixed mode, sharing, tiered, compressed oops, g1 gc, windows-amd64)
# No core dump will be written. Minidumps are not enabled by default on client versions of Windows
#

---------------  S U M M A R Y ------------

Command Line: Clases.Miscelanearr

Host: AMD Ryzen 7 PRO 4750G with Radeon Graphics, 16 cores, 31G,  Windows 11 , 64 bit Build 22621 (10.0.22621.1635)
Time: Thu May 25 13:53:26 2023 Hora est. Pacífico, Sudamérica elapsed time: 0.011017 seconds (0d 0h 0m 0s)

---------------  T H R E A D  ---------------

Current thread (0x000001a07a98c000):  JavaThread "Unknown thread" [_thread_in_vm, id=11844, stack(0x0000004cd6c00000,0x0000004cd6d00000)]

Stack: [0x0000004cd6c00000,0x0000004cd6d00000]
Native frames: (J=compiled Java code, j=interpreted, Vv=VM code, C=native code)
V  [jvm.dll+0x629d8a]
V  [jvm.dll+0x7638ff]
V  [jvm.dll+0x764fa9]
V  [jvm.dll+0x765633]
V  [jvm.dll+0x23d9c8]
V  [jvm.dll+0x6270aa]
V  [jvm.dll+0x61be35]
V  [jvm.dll+0x2f27dc]
V  [jvm.dll+0x2f2662]
V  [jvm.dll+0x2f7386]
V  [jvm.dll+0x339d8f]
V  [jvm.dll+0x3397c0]
V  [jvm.dll+0x2cfdf8]
V  [jvm.dll+0x2d0f66]
V  [jvm.dll+0x73df07]
V  [jvm.dll+0x73f79f]
V  [jvm.dll+0x346ab9]
V  [jvm.dll+0x723810]
V  [jvm.dll+0x3b56cf]
V  [jvm.dll+0x3b77e1]
C  [jli.dll+0x5207]
C  [ucrtbase.dll+0x29363]
C  [KERNEL32.DLL+0x126ad]
C  [ntdll.dll+0x5a9f8]


---------------  P R O C E S S  ---------------

Threads class SMR info:
_java_thread_list=0x000001a078756700, length=0, elements={
}

Java Threads: ( => current thread )

Other Threads:
  0x000001a07a9a1000 GCTaskThread "GC Thread#0" [stack: 0x0000004cd6d00000,0x0000004cd6e00000] [id=29896]
  0x000001a07882e800 ConcurrentGCThread "G1 Main Marker" [stack: 0x0000004cd6e00000,0x0000004cd6f00000] [id=30896]
  0x000001a07aa1c000 ConcurrentGCThread "G1 Conc#0" [stack: 0x0000004cd6f00000,0x0000004cd7000000] [id=51640]

[error occurred during error reporting (printing all threads), id 0xc0000005, EXCEPTION_ACCESS_VIOLATION (0xc0000005) at pc=0x00007ffea188f087]

VM state:not at safepoint (not fully initialized)

VM Mutex/Monitor currently owned by a thread:  ([mutex/lock_event])
[0x000001a07a986fa0] Heap_lock - owner thread: 0x000001a07a98c000

Heap address: 0x000000060b000000, size: 8016 MB, Compressed Oops mode: Non-zero based: 0x000000060b000000
Narrow klass base: 0x0000000000000000, Narrow klass shift: 0

GC Heap History (0 events):
No events

Deoptimization events (0 events):
No events

Classes redefined (0 events):
No events

Internal exceptions (0 events):
No events

Events (0 events):
No events


Dynamic libraries:
0x00007ff738210000 - 0x00007ff73821f000 	C:\Program Files\Java\jdk-11.0.15\bin\java.exe
0x00007fff4c3f0000 - 0x00007fff4c604000 	C:\WINDOWS\SYSTEM32\ntdll.dll
0x00007fff4bb20000 - 0x00007fff4bbe2000 	C:\WINDOWS\System32\KERNEL32.DLL
0x00007fff49810000 - 0x00007fff49bb3000 	C:\WINDOWS\System32\KERNELBASE.dll
0x00007fff49d90000 - 0x00007fff49ea1000 	C:\WINDOWS\System32\ucrtbase.dll
0x00007fff3f390000 - 0x00007fff3f3a5000 	C:\Program Files\Java\jdk-11.0.15\bin\VCRUNTIME140.dll
0x00007fff33aa0000 - 0x00007fff33ab8000 	C:\Program Files\Java\jdk-11.0.15\bin\jli.dll
0x00007fff4c170000 - 0x00007fff4c21e000 	C:\WINDOWS\System32\ADVAPI32.dll
0x00007fff4bbf0000 - 0x00007fff4bc97000 	C:\WINDOWS\System32\msvcrt.dll
0x00007fff4bf60000 - 0x00007fff4c004000 	C:\WINDOWS\System32\sechost.dll
0x00007fff4b200000 - 0x00007fff4b317000 	C:\WINDOWS\System32\RPCRT4.dll
0x00007fff4bcb0000 - 0x00007fff4be5b000 	C:\WINDOWS\System32\USER32.dll
0x00007fff49fd0000 - 0x00007fff49ff6000 	C:\WINDOWS\System32\win32u.dll
0x00007fff37dc0000 - 0x00007fff3804e000 	C:\WINDOWS\WinSxS\amd64_microsoft.windows.common-controls_6595b64144ccf1df_6.0.22621.1635_none_270f70857386168e\COMCTL32.dll
0x00007fff4be60000 - 0x00007fff4be89000 	C:\WINDOWS\System32\GDI32.dll
0x00007fff49eb0000 - 0x00007fff49fc8000 	C:\WINDOWS\System32\gdi32full.dll
0x00007fff49c80000 - 0x00007fff49d1a000 	C:\WINDOWS\System32\msvcp_win.dll
0x00007fff415f0000 - 0x00007fff415fa000 	C:\WINDOWS\SYSTEM32\VERSION.dll
0x00007fff4a6f0000 - 0x00007fff4a721000 	C:\WINDOWS\System32\IMM32.DLL
0x00007fff259f0000 - 0x00007fff25a8b000 	C:\Program Files\Java\jdk-11.0.15\bin\msvcp140.dll
0x00007ffea15b0000 - 0x00007ffea20c6000 	C:\Program Files\Java\jdk-11.0.15\bin\server\jvm.dll
0x00007fff4bca0000 - 0x00007fff4bca8000 	C:\WINDOWS\System32\PSAPI.DLL
0x00007fff2dcf0000 - 0x00007fff2dcf9000 	C:\WINDOWS\SYSTEM32\WSOCK32.dll
0x00007fff3fdd0000 - 0x00007fff3fe04000 	C:\WINDOWS\SYSTEM32\WINMM.dll
0x00007fff4be90000 - 0x00007fff4bf01000 	C:\WINDOWS\System32\WS2_32.dll
0x00007fff48860000 - 0x00007fff48878000 	C:\WINDOWS\SYSTEM32\kernel.appcore.dll
0x00007fff452b0000 - 0x00007fff452c0000 	C:\Program Files\Java\jdk-11.0.15\bin\verify.dll
0x00007fff47110000 - 0x00007fff4733e000 	C:\WINDOWS\SYSTEM32\DBGHELP.DLL
0x00007fff4a200000 - 0x00007fff4a589000 	C:\WINDOWS\System32\combase.dll
0x00007fff4c2b0000 - 0x00007fff4c387000 	C:\WINDOWS\System32\OLEAUT32.dll
0x00007fff2ed30000 - 0x00007fff2ed62000 	C:\WINDOWS\SYSTEM32\dbgcore.DLL
0x00007fff4a000000 - 0x00007fff4a07b000 	C:\WINDOWS\System32\bcryptPrimitives.dll
0x00007fff3ec20000 - 0x00007fff3ec48000 	C:\Program Files\Java\jdk-11.0.15\bin\java.dll
0x00007fff44a30000 - 0x00007fff44a3a000 	C:\Program Files\Java\jdk-11.0.15\bin\jimage.dll
0x00007fff39490000 - 0x00007fff394a6000 	C:\Program Files\Java\jdk-11.0.15\bin\zip.dll

dbghelp: loaded successfully - version: 4.0.5 - missing functions: none
symbol engine: initialized successfully - sym options: 0x614 - pdb path: .;C:\Program Files\Java\jdk-11.0.15\bin;C:\WINDOWS\SYSTEM32;C:\WINDOWS\WinSxS\amd64_microsoft.windows.common-controls_6595b64144ccf1df_6.0.22621.1635_none_270f70857386168e;C:\Program Files\Java\jdk-11.0.15\bin\server

VM Arguments:
java_command: Clases.Miscelanearr
java_class_path (initial): C:\Users\hawri\Documents\NetBeansProjects\Miscelanearr\target\classes;C:\Users\hawri\.m2\repository\com\microsoft\sqlserver\mssql-jdbc\7.4.1.jre8\mssql-jdbc-7.4.1.jre8.jar;C:\Users\hawri\.m2\repository\com\formdev\flatlaf\3.1.1\flatlaf-3.1.1.jar
Launcher Type: SUN_STANDARD

[Global flags]
     intx CICompilerCount                          = 12                                        {product} {ergonomic}
     uint ConcGCThreads                            = 3                                         {product} {ergonomic}
     uint G1ConcRefinementThreads                  = 13                                        {product} {ergonomic}
   size_t G1HeapRegionSize                         = 2097152                                   {product} {ergonomic}
    uintx GCDrainStackTargetSize                   = 64                                        {product} {ergonomic}
   size_t InitialHeapSize                          = 526385152                                 {product} {ergonomic}
   size_t MarkStackSize                            = 4194304                                   {product} {ergonomic}
   size_t MaxHeapSize                              = 8405385216                                {product} {ergonomic}
   size_t MinHeapDeltaBytes                        = 2097152                                   {product} {ergonomic}
    uintx NonNMethodCodeHeapSize                   = 7594288                                {pd product} {ergonomic}
    uintx NonProfiledCodeHeapSize                  = 122031976                              {pd product} {ergonomic}
    uintx ProfiledCodeHeapSize                     = 122031976                              {pd product} {ergonomic}
    uintx ReservedCodeCacheSize                    = 251658240                              {pd product} {ergonomic}
     bool SegmentedCodeCache                       = true                                      {product} {ergonomic}
     bool UseCompressedClassPointers               = true                                 {lp64_product} {ergonomic}
     bool UseCompressedOops                        = true                                 {lp64_product} {ergonomic}
     bool UseG1GC                                  = true                                      {product} {ergonomic}
     bool UseLargePagesIndividualAllocation        = false                                  {pd product} {ergonomic}

Logging:
Log output configuration:
 #0: stdout all=warning uptime,level,tags
 #1: stderr all=off uptime,level,tags

Environment Variables:
JAVA_HOME=C:\Program Files\Java\jdk-11.0.15
PATH=C:\Program Files\Common Files\Oracle\Java\javapath;C:\Program Files (x86)\Common Files\Oracle\Java\javapath;C:\Program Files (x86)\Common Files\Intel\Shared Libraries\redist\intel64\compiler;C:\ProgramData\Oracle\Java\javapath;C:\WINDOWS\system32;C:\WINDOWS;C:\WINDOWS\System32\Wbem;C:\WINDOWS\System32\WindowsPowerShell\v1.0\;C:\WINDOWS\System32\OpenSSH\;C:\Program Files\nodejs\;C:\Program Files\dotnet\;C:\Program Files\Git\cmd;C:\Program Files\MySQL\MySQL Shell 8.0\bin\;C:\Users\hawri\AppData\Local\Microsoft\WindowsApps;C:\Users\hawri\AppData\Local\Programs\Microsoft VS Code\bin;C:\Users\hawri\AppData\Roaming\npm;C:\Program Files\JetBrains\WebStorm 2021.3.1\bin;;C:\Users\hawri\AppData\Local\GitHubDesktop\bin;;C:\Program Files\JetBrains\IntelliJ IDEA 2022.3.2\bin;
USERNAME=hawri
OS=Windows_NT
PROCESSOR_IDENTIFIER=AMD64 Family 23 Model 96 Stepping 1, AuthenticAMD



---------------  S Y S T E M  ---------------

OS: Windows 11 , 64 bit Build 22621 (10.0.22621.1635)

CPU:total 16 (initial active 16) (16 cores per cpu, 2 threads per core) family 23 model 96 stepping 1 microcode 0x0, cmov, cx8, fxsr, mmx, sse, sse2, sse3, ssse3, sse4.1, sse4.2, popcnt, avx, avx2, aes, clmul, mmxext, 3dnowpref, lzcnt, sse4a, ht, tsc, tscinvbit, tscinv, bmi1, bmi2, adx, 

Memory: 4k page, system-wide physical 32063M (13336M free)
TotalPageFile size 32063M (AvailPageFile size 174M)
current process WorkingSet (physical memory assigned to process): 11M, peak: 11M
current process commit charge ("private bytes"): 71M, peak: 573M

vm_info: Java HotSpot(TM) 64-Bit Server VM (11.0.15+8-LTS-149) for windows-amd64 JRE (11.0.15+8-LTS-149), built on Mar  9 2022 22:42:32 by "mach5one" with MS VC++ 15.9 (VS2017)

END.
